<?xml version="1.0" encoding="UTF-8"?>
<!-- Generated by org.testng.reporters.JUnitReportReporter -->
<testsuite hostname="Leenas-MacBook-Air.local" failures="0" tests="2" name="com.apitests.SampleAPITest" time="1.400" errors="0" timestamp="2025-10-19T01:49:13 IST" skipped="0">
  <testcase classname="com.apitests.SampleAPITest" name="verifyGitHubStatusIs200" time="1.072"/>
  <testcase classname="com.apitests.SampleAPITest" name="verifyInvalidEndpointStatusIs404" time="0.328"/>
</testsuite> <!-- com.apitests.SampleAPITest -->
